#
# There is insufficient memory for the Java Runtime Environment to continue.
# Native memory allocation (mmap) failed to map 134217728 bytes for Failed to commit area from 0x0000000081000000 to 0x0000000089000000 of length 134217728.
# Possible reasons:
#   The system is out of physical RAM or swap space
#   The process is running with CompressedOops enabled, and the Java Heap may be blocking the growth of the native heap
# Possible solutions:
#   Reduce memory load on the system
#   Increase physical memory or swap space
#   Check if swap backing store is full
#   Decrease Java heap size (-Xmx/-Xms)
#   Decrease number of Java threads
#   Decrease Java thread stack sizes (-Xss)
#   Set larger code cache with -XX:ReservedCodeCacheSize=
# This output file may be truncated or incomplete.
#
#  Out of Memory Error (t:/workspace/open/src/hotspot/os/windows/os_windows.cpp:3264), pid=7440, tid=16120
#
# JRE version:  (12.0.2+10) (build )
# Java VM: Java HotSpot(TM) 64-Bit Server VM (12.0.2+10, mixed mode, aot, sharing, tiered, compressed oops, g1 gc, windows-amd64)
# No core dump will be written. Minidumps are not enabled by default on client versions of Windows
#

---------------  S U M M A R Y ------------

Command Line: -Dfile.encoding=Cp1252 Tarea1

Host: AMD Ryzen 3 2200G with Radeon Vega Graphics    , 4 cores, 7G,  Windows 10 , 64 bit Build 17134 (10.0.17134.753)
Time: Tue Aug  6 13:17:57 2019 Central Standard Time (Mexico) elapsed time: 0 seconds (0d 0h 0m 0s)

---------------  T H R E A D  ---------------

Current thread (0x000001764b0a7000):  JavaThread "Unknown thread" [_thread_in_vm, id=16120, stack(0x0000001711300000,0x0000001711400000)]

Stack: [0x0000001711300000,0x0000001711400000]
Native frames: (J=compiled Java code, j=interpreted, Vv=VM code, C=native code)
V  [jvm.dll+0x63aa2a]
V  [jvm.dll+0x78ce1e]
V  [jvm.dll+0x78e4c1]
V  [jvm.dll+0x78eb13]
V  [jvm.dll+0x2627e8]
V  [jvm.dll+0x637f5a]
V  [jvm.dll+0x62c845]
V  [jvm.dll+0x31e49c]
V  [jvm.dll+0x31e2cf]
V  [jvm.dll+0x324006]
V  [jvm.dll+0x371f56]
V  [jvm.dll+0x371720]
V  [jvm.dll+0x2f845a]
V  [jvm.dll+0x2f96d2]
V  [jvm.dll+0x767267]
V  [jvm.dll+0x7689f5]
V  [jvm.dll+0x380059]
V  [jvm.dll+0x74b794]
V  [jvm.dll+0x3ef5cd]
V  [jvm.dll+0x3f1471]
C  [jli.dll+0x51cf]
C  [ucrtbase.dll+0x1e3fe]
C  [KERNEL32.DLL+0x14034]
C  [ntdll.dll+0x73691]


---------------  P R O C E S S  ---------------

Threads class SMR info:
_java_thread_list=0x00007ffd0dc97928, length=0, elements={
}

Java Threads: ( => current thread )

Other Threads:
  0x000001764b0e1000 GCTaskThread "GC Thread#0" [stack: 0x0000001711400000,0x0000001711500000] [id=10212]
  0x000001764b0ee800 ConcurrentGCThread "G1 Main Marker" [stack: 0x0000001711500000,0x0000001711600000] [id=6520]
  0x000001764b0f1800 ConcurrentGCThread "G1 Conc#0" [stack: 0x0000001711600000,0x0000001711700000] [id=7532]

[error occurred during error reporting (printing all threads), id 0xc0000005, EXCEPTION_ACCESS_VIOLATION (0xc0000005) at pc=0x00007ffd0d4c85e7]

VM state:not at safepoint (not fully initialized)

VM Mutex/Monitor currently owned by a thread:  ([mutex/lock_event])
[0x000001764b0a32c0] Heap_lock - owner thread: 0x000001764b0a7000

Heap address: 0x0000000081000000, size: 2032 MB, Compressed Oops mode: Non-zero based: 0x0000000081000000
Narrow klass base: 0x0000000000000000, Narrow klass shift: 0

GC Heap History (0 events):
No events

Deoptimization events (0 events):
No events

Classes redefined (0 events):
No events

Internal exceptions (0 events):
No events

Events (0 events):
No events


Dynamic libraries:
0x00007ff76c490000 - 0x00007ff76c49f000 	D:\Java\bin\javaw.exe
0x00007ffd461d0000 - 0x00007ffd463b1000 	C:\WINDOWS\SYSTEM32\ntdll.dll
0x00007ffd44460000 - 0x00007ffd44511000 	C:\WINDOWS\System32\KERNEL32.DLL
0x00007ffd432e0000 - 0x00007ffd43553000 	C:\WINDOWS\System32\KERNELBASE.dll
0x00007ffd43560000 - 0x00007ffd43658000 	C:\WINDOWS\System32\ucrtbase.dll
0x00007ffd35e60000 - 0x00007ffd35e78000 	D:\Java\bin\jli.dll
0x00007ffd43ac0000 - 0x00007ffd43b61000 	C:\WINDOWS\System32\ADVAPI32.dll
0x00007ffd442e0000 - 0x00007ffd4437e000 	C:\WINDOWS\System32\msvcrt.dll
0x00007ffd446e0000 - 0x00007ffd4473b000 	C:\WINDOWS\System32\sechost.dll
0x00007ffd43e80000 - 0x00007ffd43fa4000 	C:\WINDOWS\System32\RPCRT4.dll
0x00007ffd43800000 - 0x00007ffd43990000 	C:\WINDOWS\System32\USER32.dll
0x00007ffd43120000 - 0x00007ffd43140000 	C:\WINDOWS\System32\win32u.dll
0x00007ffd34550000 - 0x00007ffd347b9000 	C:\WINDOWS\WinSxS\amd64_microsoft.windows.common-controls_6595b64144ccf1df_6.0.17134.885_none_fb42a3473065565f\COMCTL32.dll
0x00007ffd46170000 - 0x00007ffd46198000 	C:\WINDOWS\System32\GDI32.dll
0x00007ffd43140000 - 0x00007ffd432d1000 	C:\WINDOWS\System32\gdi32full.dll
0x00007ffd43fb0000 - 0x00007ffd442d2000 	C:\WINDOWS\System32\combase.dll
0x00007ffd42ef0000 - 0x00007ffd42f8f000 	C:\WINDOWS\System32\msvcp_win.dll
0x00007ffd42ff0000 - 0x00007ffd43069000 	C:\WINDOWS\System32\bcryptPrimitives.dll
0x00007ffd35e80000 - 0x00007ffd35e96000 	D:\Java\bin\VCRUNTIME140.dll
0x00007ffd3d6a0000 - 0x00007ffd3d6aa000 	C:\WINDOWS\SYSTEM32\VERSION.dll
0x00007ffd437d0000 - 0x00007ffd437fd000 	C:\WINDOWS\System32\IMM32.DLL
0x00007ffd2c7a0000 - 0x00007ffd2c84a000 	D:\Java\bin\msvcp140.dll
0x00007ffd0d1c0000 - 0x00007ffd0dd37000 	D:\Java\bin\server\jvm.dll
0x00007ffd43990000 - 0x00007ffd43998000 	C:\WINDOWS\System32\PSAPI.DLL
0x00007ffd2b4c0000 - 0x00007ffd2b4c9000 	C:\WINDOWS\SYSTEM32\WSOCK32.dll
0x00007ffd439a0000 - 0x00007ffd43a0c000 	C:\WINDOWS\System32\WS2_32.dll
0x00007ffd40670000 - 0x00007ffd40693000 	C:\WINDOWS\SYSTEM32\WINMM.dll
0x00007ffd40640000 - 0x00007ffd4066a000 	C:\WINDOWS\SYSTEM32\WINMMBASE.dll
0x00007ffd42ea0000 - 0x00007ffd42ee9000 	C:\WINDOWS\System32\cfgmgr32.dll
0x00007ffd42580000 - 0x00007ffd42591000 	C:\WINDOWS\System32\kernel.appcore.dll
0x00007ffd1bd30000 - 0x00007ffd1bd41000 	D:\Java\bin\verify.dll
0x00007ffd32750000 - 0x00007ffd32919000 	C:\WINDOWS\SYSTEM32\DBGHELP.DLL
0x00007ffd32b20000 - 0x00007ffd32b49000 	C:\WINDOWS\SYSTEM32\dbgcore.DLL
0x00007ffd1b560000 - 0x00007ffd1b586000 	D:\Java\bin\java.dll
0x00007ffd1bad0000 - 0x00007ffd1bae7000 	D:\Java\bin\zip.dll
0x00007ffd1bac0000 - 0x00007ffd1baca000 	D:\Java\bin\jimage.dll

dbghelp: loaded successfully - version: 4.0.5 - missing functions: none
symbol engine: initialized successfully - sym options: 0x614 - pdb path: .;D:\Java\bin;C:\WINDOWS\SYSTEM32;C:\WINDOWS\WinSxS\amd64_microsoft.windows.common-controls_6595b64144ccf1df_6.0.17134.885_none_fb42a3473065565f;D:\Java\bin\server

VM Arguments:
jvm_args: -Dfile.encoding=Cp1252 
java_command: Tarea1
java_class_path (initial): C:\Users\xpc\git\Tarea2\TareaTryCatch\bin
Launcher Type: SUN_STANDARD

[Global flags]
     intx CICompilerCount                          = 3                                         {product} {ergonomic}
     uint ConcGCThreads                            = 1                                         {product} {ergonomic}
     uint G1ConcRefinementThreads                  = 4                                         {product} {ergonomic}
   size_t G1HeapRegionSize                         = 1048576                                   {product} {ergonomic}
    uintx GCDrainStackTargetSize                   = 64                                        {product} {ergonomic}
   size_t InitialHeapSize                          = 134217728                                 {product} {ergonomic}
   size_t MarkStackSize                            = 4194304                                   {product} {ergonomic}
   size_t MaxHeapSize                              = 2130706432                                {product} {ergonomic}
   size_t MinHeapDeltaBytes                        = 1048576                                   {product} {ergonomic}
    uintx NonNMethodCodeHeapSize                   = 5830732                                {pd product} {ergonomic}
    uintx NonProfiledCodeHeapSize                  = 122913754                              {pd product} {ergonomic}
    uintx ProfiledCodeHeapSize                     = 122913754                              {pd product} {ergonomic}
    uintx ReservedCodeCacheSize                    = 251658240                              {pd product} {ergonomic}
     bool SegmentedCodeCache                       = true                                      {product} {ergonomic}
     bool UseCompressedClassPointers               = true                                 {lp64_product} {ergonomic}
     bool UseCompressedOops                        = true                                 {lp64_product} {ergonomic}
     bool UseG1GC                                  = true                                      {product} {ergonomic}
     bool UseLargePagesIndividualAllocation        = false                                  {pd product} {ergonomic}

Logging:
Log output configuration:
 #0: stdout all=warning uptime,level,tags
 #1: stderr all=off uptime,level,tags

Environment Variables:
PATH=D:/Java/bin/server;D:/Java/bin;C:\Program Files (x86)\Common Files\Oracle\Java\javapath;C:\Program Files (x86)\NVIDIA Corporation\PhysX\Common;C:\WINDOWS\system32;C:\WINDOWS;C:\WINDOWS\System32\Wbem;C:\WINDOWS\System32\WindowsPowerShell\v1.0\;C:\WINDOWS\System32\OpenSSH\;C:\Users\xpc\AppData\Local\Microsoft\WindowsApps;C:\Users\xpc\AppData\Local\GitHubDesktop\bin;D:\Java\eclipse\eclipse;
USERNAME=xpc
OS=Windows_NT
PROCESSOR_IDENTIFIER=AMD64 Family 23 Model 17 Stepping 0, AuthenticAMD



---------------  S Y S T E M  ---------------

OS: Windows 10 , 64 bit Build 17134 (10.0.17134.753)

CPU:total 4 (initial active 4) (4 cores per cpu, 1 threads per core) family 23 model 17 stepping 0, cmov, cx8, fxsr, mmx, sse, sse2, sse3, ssse3, sse4.1, sse4.2, popcnt, avx, avx2, aes, clmul, mmxext, 3dnowpref, lzcnt, sse4a, tsc, tscinvbit, tscinv, bmi1, bmi2, adx, sha, fma

Memory: 4k page, system-wide physical 8121M (1816M free)
TotalPageFile size 22360M (AvailPageFile size 8M)
current process WorkingSet (physical memory assigned to process): 9M, peak: 9M
current process commit charge ("private bytes"): 52M, peak: 179M

vm_info: Java HotSpot(TM) 64-Bit Server VM (12.0.2+10) for windows-amd64 JRE (12.0.2+10), built on Jul 16 2019 01:56:17 by "mach5one" with MS VC++ 15.5 (VS2017)

END.
